2018-12-05 07:50:02,856 [Worker-3: Loading available Gradle versions] INFO  c.g.t.t.d.PublishedGradleVersions - Gradle version information cache is out-of-date. Trying to update.
2018-12-05 07:58:53,268 [Worker-16: Importing Maven projects] INFO  o.e.m.c.i.e.AbstractTransferListenerAdapter - Downloading https://repo.spring.io/milestone/org/springframework/boot/spring-boot-starter-parent/2.1.1.RELEASE/spring-boot-starter-parent-2.1.1.RELEASE.pom
2018-12-05 07:58:53,663 [Worker-16: Importing Maven projects] INFO  o.e.m.c.i.e.AbstractTransferListenerAdapter - Downloaded https://repo.spring.io/milestone/org/springframework/boot/spring-boot-starter-parent/2.1.1.RELEASE/spring-boot-starter-parent-2.1.1.RELEASE.pom
2018-12-05 07:58:54,033 [Worker-16: Importing Maven projects] INFO  o.e.m.c.i.e.AbstractTransferListenerAdapter - Downloading https://repo.spring.io/milestone/org/springframework/boot/spring-boot-dependencies/2.1.1.RELEASE/spring-boot-dependencies-2.1.1.RELEASE.pom
2018-12-05 07:58:54,932 [Worker-16: Importing Maven projects] INFO  o.e.m.c.i.e.AbstractTransferListenerAdapter - Downloaded https://repo.spring.io/milestone/org/springframework/boot/spring-boot-dependencies/2.1.1.RELEASE/spring-boot-dependencies-2.1.1.RELEASE.pom
2018-12-05 07:58:55,317 [Worker-16: Importing Maven projects] INFO  o.e.m.c.i.e.AbstractTransferListenerAdapter - Downloading https://repo.spring.io/milestone/org/springframework/cloud/spring-cloud-dependencies/Greenwich.M3/spring-cloud-dependencies-Greenwich.M3.pom
2018-12-05 07:58:56,060 [Worker-16: Importing Maven projects] INFO  o.e.m.c.i.e.AbstractTransferListenerAdapter - Downloaded https://repo.spring.io/milestone/org/springframework/cloud/spring-cloud-dependencies/Greenwich.M3/spring-cloud-dependencies-Greenwich.M3.pom
2018-12-05 07:58:56,570 [Worker-16: Importing Maven projects] INFO  o.e.m.c.i.e.AbstractTransferListenerAdapter - Downloading https://repo.spring.io/milestone/org/springframework/cloud/spring-cloud-dependencies-parent/2.1.0.RC2/spring-cloud-dependencies-parent-2.1.0.RC2.pom
2018-12-05 07:58:57,111 [Worker-16: Importing Maven projects] INFO  o.e.m.c.i.e.AbstractTransferListenerAdapter - Downloaded https://repo.spring.io/milestone/org/springframework/cloud/spring-cloud-dependencies-parent/2.1.0.RC2/spring-cloud-dependencies-parent-2.1.0.RC2.pom
2018-12-05 07:58:57,491 [Worker-16: Importing Maven projects] INFO  o.e.m.c.i.e.AbstractTransferListenerAdapter - Downloading https://repo.spring.io/milestone/org/springframework/cloud/spring-cloud-commons-dependencies/2.1.0.M2/spring-cloud-commons-dependencies-2.1.0.M2.pom
2018-12-05 07:58:58,315 [Worker-16: Importing Maven projects] INFO  o.e.m.c.i.e.AbstractTransferListenerAdapter - Downloaded https://repo.spring.io/milestone/org/springframework/cloud/spring-cloud-commons-dependencies/2.1.0.M2/spring-cloud-commons-dependencies-2.1.0.M2.pom
2018-12-05 07:58:58,757 [Worker-16: Importing Maven projects] INFO  o.e.m.c.i.e.AbstractTransferListenerAdapter - Downloading https://repo.spring.io/milestone/org/springframework/cloud/spring-cloud-netflix-dependencies/2.1.0.M3/spring-cloud-netflix-dependencies-2.1.0.M3.pom
2018-12-05 07:58:59,125 [Worker-16: Importing Maven projects] INFO  o.e.m.c.i.e.AbstractTransferListenerAdapter - Downloaded https://repo.spring.io/milestone/org/springframework/cloud/spring-cloud-netflix-dependencies/2.1.0.M3/spring-cloud-netflix-dependencies-2.1.0.M3.pom
2018-12-05 07:59:00,032 [Worker-16: Importing Maven projects] INFO  o.e.m.c.i.e.AbstractTransferListenerAdapter - Downloading https://repo.spring.io/milestone/org/springframework/cloud/spring-cloud-stream-dependencies/Fishtown.RC2/spring-cloud-stream-dependencies-Fishtown.RC2.pom
2018-12-05 07:59:00,383 [Worker-16: Importing Maven projects] INFO  o.e.m.c.i.e.AbstractTransferListenerAdapter - Downloaded https://repo.spring.io/milestone/org/springframework/cloud/spring-cloud-stream-dependencies/Fishtown.RC2/spring-cloud-stream-dependencies-Fishtown.RC2.pom
2018-12-05 07:59:00,768 [Worker-16: Importing Maven projects] INFO  o.e.m.c.i.e.AbstractTransferListenerAdapter - Downloading https://repo.spring.io/milestone/org/springframework/cloud/spring-cloud-task-dependencies/2.1.0.M1/spring-cloud-task-dependencies-2.1.0.M1.pom
2018-12-05 07:59:01,121 [Worker-16: Importing Maven projects] INFO  o.e.m.c.i.e.AbstractTransferListenerAdapter - Downloaded https://repo.spring.io/milestone/org/springframework/cloud/spring-cloud-task-dependencies/2.1.0.M1/spring-cloud-task-dependencies-2.1.0.M1.pom
2018-12-05 07:59:01,614 [Worker-16: Importing Maven projects] INFO  o.e.m.c.i.e.AbstractTransferListenerAdapter - Downloading https://repo.spring.io/milestone/org/springframework/cloud/spring-cloud-config-dependencies/2.1.0.M3/spring-cloud-config-dependencies-2.1.0.M3.pom
2018-12-05 07:59:01,998 [Worker-16: Importing Maven projects] INFO  o.e.m.c.i.e.AbstractTransferListenerAdapter - Downloaded https://repo.spring.io/milestone/org/springframework/cloud/spring-cloud-config-dependencies/2.1.0.M3/spring-cloud-config-dependencies-2.1.0.M3.pom
2018-12-05 07:59:02,389 [Worker-16: Importing Maven projects] INFO  o.e.m.c.i.e.AbstractTransferListenerAdapter - Downloading https://repo.spring.io/milestone/org/springframework/cloud/spring-cloud-function-dependencies/2.0.0.RC2/spring-cloud-function-dependencies-2.0.0.RC2.pom
2018-12-05 07:59:03,127 [Worker-16: Importing Maven projects] INFO  o.e.m.c.i.e.AbstractTransferListenerAdapter - Downloaded https://repo.spring.io/milestone/org/springframework/cloud/spring-cloud-function-dependencies/2.0.0.RC2/spring-cloud-function-dependencies-2.0.0.RC2.pom
2018-12-05 07:59:03,635 [Worker-16: Importing Maven projects] INFO  o.e.m.c.i.e.AbstractTransferListenerAdapter - Downloading https://repo.spring.io/milestone/org/springframework/cloud/spring-cloud-gateway-dependencies/2.1.0.M3/spring-cloud-gateway-dependencies-2.1.0.M3.pom
2018-12-05 07:59:04,019 [Worker-16: Importing Maven projects] INFO  o.e.m.c.i.e.AbstractTransferListenerAdapter - Downloaded https://repo.spring.io/milestone/org/springframework/cloud/spring-cloud-gateway-dependencies/2.1.0.M3/spring-cloud-gateway-dependencies-2.1.0.M3.pom
2018-12-05 07:59:04,389 [Worker-16: Importing Maven projects] INFO  o.e.m.c.i.e.AbstractTransferListenerAdapter - Downloading https://repo.spring.io/milestone/org/springframework/cloud/spring-cloud-consul-dependencies/2.1.0.M2/spring-cloud-consul-dependencies-2.1.0.M2.pom
2018-12-05 07:59:04,764 [Worker-16: Importing Maven projects] INFO  o.e.m.c.i.e.AbstractTransferListenerAdapter - Downloaded https://repo.spring.io/milestone/org/springframework/cloud/spring-cloud-consul-dependencies/2.1.0.M2/spring-cloud-consul-dependencies-2.1.0.M2.pom
2018-12-05 07:59:05,109 [Worker-16: Importing Maven projects] INFO  o.e.m.c.i.e.AbstractTransferListenerAdapter - Downloading https://repo.spring.io/milestone/org/springframework/cloud/spring-cloud-sleuth-dependencies/2.1.0.M2/spring-cloud-sleuth-dependencies-2.1.0.M2.pom
2018-12-05 07:59:05,481 [Worker-16: Importing Maven projects] INFO  o.e.m.c.i.e.AbstractTransferListenerAdapter - Downloaded https://repo.spring.io/milestone/org/springframework/cloud/spring-cloud-sleuth-dependencies/2.1.0.M2/spring-cloud-sleuth-dependencies-2.1.0.M2.pom
2018-12-05 07:59:05,887 [Worker-16: Importing Maven projects] INFO  o.e.m.c.i.e.AbstractTransferListenerAdapter - Downloading https://repo.spring.io/milestone/org/springframework/cloud/spring-cloud-vault-dependencies/2.1.0.M2/spring-cloud-vault-dependencies-2.1.0.M2.pom
2018-12-05 07:59:06,241 [Worker-16: Importing Maven projects] INFO  o.e.m.c.i.e.AbstractTransferListenerAdapter - Downloaded https://repo.spring.io/milestone/org/springframework/cloud/spring-cloud-vault-dependencies/2.1.0.M2/spring-cloud-vault-dependencies-2.1.0.M2.pom
2018-12-05 07:59:06,606 [Worker-16: Importing Maven projects] INFO  o.e.m.c.i.e.AbstractTransferListenerAdapter - Downloading https://repo.spring.io/milestone/org/springframework/cloud/spring-cloud-zookeeper-dependencies/2.1.0.M1/spring-cloud-zookeeper-dependencies-2.1.0.M1.pom
2018-12-05 07:59:06,955 [Worker-16: Importing Maven projects] INFO  o.e.m.c.i.e.AbstractTransferListenerAdapter - Downloaded https://repo.spring.io/milestone/org/springframework/cloud/spring-cloud-zookeeper-dependencies/2.1.0.M1/spring-cloud-zookeeper-dependencies-2.1.0.M1.pom
2018-12-05 07:59:07,669 [Worker-16: Importing Maven projects] INFO  o.e.m.c.i.e.AbstractTransferListenerAdapter - Downloading https://repo.spring.io/milestone/org/springframework/cloud/spring-cloud-security-dependencies/2.1.0.M1/spring-cloud-security-dependencies-2.1.0.M1.pom
2018-12-05 07:59:08,041 [Worker-16: Importing Maven projects] INFO  o.e.m.c.i.e.AbstractTransferListenerAdapter - Downloaded https://repo.spring.io/milestone/org/springframework/cloud/spring-cloud-security-dependencies/2.1.0.M1/spring-cloud-security-dependencies-2.1.0.M1.pom
2018-12-05 07:59:08,448 [Worker-16: Importing Maven projects] INFO  o.e.m.c.i.e.AbstractTransferListenerAdapter - Downloading https://repo.spring.io/milestone/org/springframework/cloud/spring-cloud-cloudfoundry-dependencies/2.1.0.M1/spring-cloud-cloudfoundry-dependencies-2.1.0.M1.pom
2018-12-05 07:59:09,009 [Worker-16: Importing Maven projects] INFO  o.e.m.c.i.e.AbstractTransferListenerAdapter - Downloaded https://repo.spring.io/milestone/org/springframework/cloud/spring-cloud-cloudfoundry-dependencies/2.1.0.M1/spring-cloud-cloudfoundry-dependencies-2.1.0.M1.pom
2018-12-05 07:59:09,369 [Worker-16: Importing Maven projects] INFO  o.e.m.c.i.e.AbstractTransferListenerAdapter - Downloading https://repo.spring.io/milestone/org/springframework/cloud/spring-cloud-bus-dependencies/2.1.0.M2/spring-cloud-bus-dependencies-2.1.0.M2.pom
2018-12-05 07:59:09,791 [Worker-16: Importing Maven projects] INFO  o.e.m.c.i.e.AbstractTransferListenerAdapter - Downloaded https://repo.spring.io/milestone/org/springframework/cloud/spring-cloud-bus-dependencies/2.1.0.M2/spring-cloud-bus-dependencies-2.1.0.M2.pom
2018-12-05 07:59:10,130 [Worker-16: Importing Maven projects] INFO  o.e.m.c.i.e.AbstractTransferListenerAdapter - Downloading https://repo.spring.io/milestone/org/springframework/cloud/spring-cloud-contract-dependencies/2.1.0.M2/spring-cloud-contract-dependencies-2.1.0.M2.pom
2018-12-05 07:59:10,501 [Worker-16: Importing Maven projects] INFO  o.e.m.c.i.e.AbstractTransferListenerAdapter - Downloaded https://repo.spring.io/milestone/org/springframework/cloud/spring-cloud-contract-dependencies/2.1.0.M2/spring-cloud-contract-dependencies-2.1.0.M2.pom
2018-12-05 07:59:10,917 [Worker-16: Importing Maven projects] INFO  o.e.m.c.i.e.AbstractTransferListenerAdapter - Downloading https://repo.spring.io/milestone/org/springframework/cloud/spring-cloud-aws-dependencies/2.0.1.RELEASE/spring-cloud-aws-dependencies-2.0.1.RELEASE.pom
2018-12-05 07:59:11,272 [Worker-16: Importing Maven projects] INFO  o.e.m.c.i.e.AbstractTransferListenerAdapter - Downloaded https://repo.spring.io/milestone/org/springframework/cloud/spring-cloud-aws-dependencies/2.0.1.RELEASE/spring-cloud-aws-dependencies-2.0.1.RELEASE.pom
2018-12-05 07:59:11,662 [Worker-16: Importing Maven projects] INFO  o.e.m.c.i.e.AbstractTransferListenerAdapter - Downloading https://repo.spring.io/milestone/org/springframework/cloud/spring-cloud-dependencies-parent/2.0.4.RELEASE/spring-cloud-dependencies-parent-2.0.4.RELEASE.pom
2018-12-05 07:59:12,290 [Worker-16: Importing Maven projects] INFO  o.e.m.c.i.e.AbstractTransferListenerAdapter - Downloaded https://repo.spring.io/milestone/org/springframework/cloud/spring-cloud-dependencies-parent/2.0.4.RELEASE/spring-cloud-dependencies-parent-2.0.4.RELEASE.pom
2018-12-05 07:59:12,646 [Worker-16: Importing Maven projects] INFO  o.e.m.c.i.e.AbstractTransferListenerAdapter - Downloaded https://repo.spring.io/milestone/com/amazonaws/aws-java-sdk-bom/1.11.415/aws-java-sdk-bom-1.11.415.pom
2018-12-05 07:59:14,425 [Worker-16: Importing Maven projects] INFO  o.e.m.c.i.e.AbstractTransferListenerAdapter - Downloading https://repo.maven.apache.org/maven2/com/amazonaws/aws-java-sdk-bom/1.11.415/aws-java-sdk-bom-1.11.415.pom
2018-12-05 07:59:14,984 [Worker-16: Importing Maven projects] INFO  o.e.m.c.i.e.AbstractTransferListenerAdapter - Downloaded https://repo.maven.apache.org/maven2/com/amazonaws/aws-java-sdk-bom/1.11.415/aws-java-sdk-bom-1.11.415.pom
2018-12-05 07:59:15,420 [Worker-16: Importing Maven projects] INFO  o.e.m.c.i.e.AbstractTransferListenerAdapter - Downloaded https://repo.spring.io/milestone/com/amazonaws/aws-java-sdk-pom/1.11.415/aws-java-sdk-pom-1.11.415.pom
2018-12-05 07:59:15,720 [Worker-16: Importing Maven projects] INFO  o.e.m.c.i.e.AbstractTransferListenerAdapter - Downloading https://repo.maven.apache.org/maven2/com/amazonaws/aws-java-sdk-pom/1.11.415/aws-java-sdk-pom-1.11.415.pom
2018-12-05 07:59:16,027 [Worker-16: Importing Maven projects] INFO  o.e.m.c.i.e.AbstractTransferListenerAdapter - Downloaded https://repo.maven.apache.org/maven2/com/amazonaws/aws-java-sdk-pom/1.11.415/aws-java-sdk-pom-1.11.415.pom
2018-12-05 07:59:16,434 [Worker-16: Importing Maven projects] INFO  o.e.m.c.i.e.AbstractTransferListenerAdapter - Downloading https://repo.spring.io/milestone/org/springframework/cloud/spring-cloud-openfeign-dependencies/2.1.0.M2/spring-cloud-openfeign-dependencies-2.1.0.M2.pom
2018-12-05 07:59:16,848 [Worker-16: Importing Maven projects] INFO  o.e.m.c.i.e.AbstractTransferListenerAdapter - Downloaded https://repo.spring.io/milestone/org/springframework/cloud/spring-cloud-openfeign-dependencies/2.1.0.M2/spring-cloud-openfeign-dependencies-2.1.0.M2.pom
2018-12-05 07:59:17,195 [Worker-16: Importing Maven projects] INFO  o.e.m.c.i.e.AbstractTransferListenerAdapter - Downloading https://repo.spring.io/milestone/org/springframework/cloud/spring-cloud-kubernetes-dependencies/1.0.0.M2/spring-cloud-kubernetes-dependencies-1.0.0.M2.pom
2018-12-05 07:59:17,973 [Worker-16: Importing Maven projects] INFO  o.e.m.c.i.e.AbstractTransferListenerAdapter - Downloaded https://repo.spring.io/milestone/org/springframework/cloud/spring-cloud-kubernetes-dependencies/1.0.0.M2/spring-cloud-kubernetes-dependencies-1.0.0.M2.pom
2018-12-05 07:59:18,380 [Worker-16: Importing Maven projects] INFO  o.e.m.c.i.e.AbstractTransferListenerAdapter - Downloaded https://repo.spring.io/milestone/io/fabric8/kubernetes-client-bom/3.1.10/kubernetes-client-bom-3.1.10.pom
2018-12-05 07:59:18,688 [Worker-16: Importing Maven projects] INFO  o.e.m.c.i.e.AbstractTransferListenerAdapter - Downloading https://repo.maven.apache.org/maven2/io/fabric8/kubernetes-client-bom/3.1.10/kubernetes-client-bom-3.1.10.pom
2018-12-05 07:59:18,998 [Worker-16: Importing Maven projects] INFO  o.e.m.c.i.e.AbstractTransferListenerAdapter - Downloaded https://repo.maven.apache.org/maven2/io/fabric8/kubernetes-client-bom/3.1.10/kubernetes-client-bom-3.1.10.pom
2018-12-05 07:59:19,409 [Worker-16: Importing Maven projects] INFO  o.e.m.c.i.e.AbstractTransferListenerAdapter - Downloading https://repo.spring.io/milestone/org/springframework/cloud/spring-cloud-gcp-dependencies/1.1.0.M3/spring-cloud-gcp-dependencies-1.1.0.M3.pom
2018-12-05 07:59:19,762 [Worker-16: Importing Maven projects] INFO  o.e.m.c.i.e.AbstractTransferListenerAdapter - Downloaded https://repo.spring.io/milestone/org/springframework/cloud/spring-cloud-gcp-dependencies/1.1.0.M3/spring-cloud-gcp-dependencies-1.1.0.M3.pom
2018-12-05 07:59:20,120 [Worker-16: Importing Maven projects] INFO  o.e.m.c.i.e.AbstractTransferListenerAdapter - Downloaded https://repo.spring.io/milestone/com/google/cloud/google-cloud-bom/0.71.0-alpha/google-cloud-bom-0.71.0-alpha.pom
2018-12-05 07:59:20,429 [Worker-16: Importing Maven projects] INFO  o.e.m.c.i.e.AbstractTransferListenerAdapter - Downloading https://repo.maven.apache.org/maven2/com/google/cloud/google-cloud-bom/0.71.0-alpha/google-cloud-bom-0.71.0-alpha.pom
2018-12-05 07:59:21,146 [Worker-16: Importing Maven projects] INFO  o.e.m.c.i.e.AbstractTransferListenerAdapter - Downloaded https://repo.maven.apache.org/maven2/com/google/cloud/google-cloud-bom/0.71.0-alpha/google-cloud-bom-0.71.0-alpha.pom
2018-12-05 07:59:21,555 [Worker-16: Importing Maven projects] INFO  o.e.m.c.i.e.AbstractTransferListenerAdapter - Downloaded https://repo.spring.io/milestone/com/google/api/gax-bom/1.35.0/gax-bom-1.35.0.pom
2018-12-05 07:59:21,801 [Worker-16: Importing Maven projects] INFO  o.e.m.c.i.e.AbstractTransferListenerAdapter - Downloading https://repo.maven.apache.org/maven2/com/google/api/gax-bom/1.35.0/gax-bom-1.35.0.pom
2018-12-05 07:59:22,171 [Worker-16: Importing Maven projects] INFO  o.e.m.c.i.e.AbstractTransferListenerAdapter - Downloaded https://repo.maven.apache.org/maven2/com/google/api/gax-bom/1.35.0/gax-bom-1.35.0.pom
2018-12-05 07:59:22,580 [Worker-16: Importing Maven projects] INFO  o.e.m.c.i.e.AbstractTransferListenerAdapter - Downloaded https://repo.spring.io/milestone/io/netty/netty-bom/4.1.31.Final/netty-bom-4.1.31.Final.pom
2018-12-05 07:59:22,989 [Worker-16: Importing Maven projects] INFO  o.e.m.c.i.e.AbstractTransferListenerAdapter - Downloading https://repo.maven.apache.org/maven2/io/netty/netty-bom/4.1.31.Final/netty-bom-4.1.31.Final.pom
2018-12-05 07:59:23,248 [Worker-16: Importing Maven projects] INFO  o.e.m.c.i.e.AbstractTransferListenerAdapter - Downloaded https://repo.maven.apache.org/maven2/io/netty/netty-bom/4.1.31.Final/netty-bom-4.1.31.Final.pom
2018-12-05 07:59:23,603 [Worker-16: Importing Maven projects] INFO  o.e.m.c.i.e.AbstractTransferListenerAdapter - Downloaded https://repo.spring.io/milestone/io/projectreactor/reactor-bom/Californium-SR3/reactor-bom-Californium-SR3.pom
2018-12-05 07:59:23,850 [Worker-16: Importing Maven projects] INFO  o.e.m.c.i.e.AbstractTransferListenerAdapter - Downloading https://repo.maven.apache.org/maven2/io/projectreactor/reactor-bom/Californium-SR3/reactor-bom-Californium-SR3.pom
2018-12-05 07:59:24,126 [Worker-16: Importing Maven projects] INFO  o.e.m.c.i.e.AbstractTransferListenerAdapter - Downloaded https://repo.maven.apache.org/maven2/io/projectreactor/reactor-bom/Californium-SR3/reactor-bom-Californium-SR3.pom
2018-12-05 07:59:24,465 [Worker-16: Importing Maven projects] INFO  o.e.m.c.i.e.AbstractTransferListenerAdapter - Downloaded https://repo.spring.io/milestone/org/junit/junit-bom/5.3.2/junit-bom-5.3.2.pom
2018-12-05 07:59:24,713 [Worker-16: Importing Maven projects] INFO  o.e.m.c.i.e.AbstractTransferListenerAdapter - Downloading https://repo.maven.apache.org/maven2/org/junit/junit-bom/5.3.2/junit-bom-5.3.2.pom
2018-12-05 07:59:24,962 [Worker-16: Importing Maven projects] INFO  o.e.m.c.i.e.AbstractTransferListenerAdapter - Downloaded https://repo.maven.apache.org/maven2/org/junit/junit-bom/5.3.2/junit-bom-5.3.2.pom
2018-12-05 07:59:25,284 [Worker-16: Importing Maven projects] INFO  o.e.m.c.i.e.AbstractTransferListenerAdapter - Downloading https://repo.spring.io/milestone/org/springframework/spring-framework-bom/5.1.3.RELEASE/spring-framework-bom-5.1.3.RELEASE.pom
2018-12-05 07:59:25,910 [Worker-16: Importing Maven projects] INFO  o.e.m.c.i.e.AbstractTransferListenerAdapter - Downloaded https://repo.spring.io/milestone/org/springframework/spring-framework-bom/5.1.3.RELEASE/spring-framework-bom-5.1.3.RELEASE.pom
2018-12-05 07:59:26,266 [Worker-16: Importing Maven projects] INFO  o.e.m.c.i.e.AbstractTransferListenerAdapter - Downloading https://repo.spring.io/milestone/org/springframework/data/spring-data-releasetrain/Lovelace-SR3/spring-data-releasetrain-Lovelace-SR3.pom
2018-12-05 07:59:26,620 [Worker-16: Importing Maven projects] INFO  o.e.m.c.i.e.AbstractTransferListenerAdapter - Downloaded https://repo.spring.io/milestone/org/springframework/data/spring-data-releasetrain/Lovelace-SR3/spring-data-releasetrain-Lovelace-SR3.pom
2018-12-05 07:59:26,968 [Worker-16: Importing Maven projects] INFO  o.e.m.c.i.e.AbstractTransferListenerAdapter - Downloading https://repo.spring.io/milestone/org/springframework/data/build/spring-data-build/2.1.3.RELEASE/spring-data-build-2.1.3.RELEASE.pom
2018-12-05 07:59:27,326 [Worker-16: Importing Maven projects] INFO  o.e.m.c.i.e.AbstractTransferListenerAdapter - Downloaded https://repo.spring.io/milestone/org/springframework/data/build/spring-data-build/2.1.3.RELEASE/spring-data-build-2.1.3.RELEASE.pom
2018-12-05 07:59:27,675 [Worker-16: Importing Maven projects] INFO  o.e.m.c.i.e.AbstractTransferListenerAdapter - Downloading https://repo.spring.io/milestone/org/springframework/integration/spring-integration-bom/5.1.1.RELEASE/spring-integration-bom-5.1.1.RELEASE.pom
2018-12-05 07:59:28,067 [Worker-16: Importing Maven projects] INFO  o.e.m.c.i.e.AbstractTransferListenerAdapter - Downloaded https://repo.spring.io/milestone/org/springframework/integration/spring-integration-bom/5.1.1.RELEASE/spring-integration-bom-5.1.1.RELEASE.pom
2018-12-05 07:59:28,418 [Worker-16: Importing Maven projects] INFO  o.e.m.c.i.e.AbstractTransferListenerAdapter - Downloading https://repo.spring.io/milestone/org/springframework/security/spring-security-bom/5.1.2.RELEASE/spring-security-bom-5.1.2.RELEASE.pom
2018-12-05 07:59:28,742 [Worker-16: Importing Maven projects] INFO  o.e.m.c.i.e.AbstractTransferListenerAdapter - Downloaded https://repo.spring.io/milestone/org/springframework/security/spring-security-bom/5.1.2.RELEASE/spring-security-bom-5.1.2.RELEASE.pom
2018-12-05 07:59:29,090 [Worker-16: Importing Maven projects] INFO  o.e.m.c.i.e.AbstractTransferListenerAdapter - Downloading https://repo.spring.io/milestone/org/springframework/session/spring-session-bom/Bean-SR1/spring-session-bom-Bean-SR1.pom
2018-12-05 07:59:29,546 [Worker-16: Importing Maven projects] INFO  o.e.m.c.i.e.AbstractTransferListenerAdapter - Downloaded https://repo.spring.io/milestone/org/springframework/session/spring-session-bom/Bean-SR1/spring-session-bom-Bean-SR1.pom
2018-12-05 07:59:31,184 [Worker-16: Importing Maven projects] INFO  o.e.m.c.i.e.AbstractTransferListenerAdapter - Downloading https://repo.maven.apache.org/maven2/org/springframework/boot/spring-boot-maven-plugin/2.1.1.RELEASE/spring-boot-maven-plugin-2.1.1.RELEASE.pom
2018-12-05 07:59:31,853 [Worker-16: Importing Maven projects] INFO  o.e.m.c.i.e.AbstractTransferListenerAdapter - Downloaded https://repo.maven.apache.org/maven2/org/springframework/boot/spring-boot-maven-plugin/2.1.1.RELEASE/spring-boot-maven-plugin-2.1.1.RELEASE.pom
2018-12-05 07:59:32,247 [Worker-16: Importing Maven projects] INFO  o.e.m.c.i.e.AbstractTransferListenerAdapter - Downloading https://repo.maven.apache.org/maven2/org/springframework/boot/spring-boot-tools/2.1.1.RELEASE/spring-boot-tools-2.1.1.RELEASE.pom
2018-12-05 07:59:32,514 [Worker-16: Importing Maven projects] INFO  o.e.m.c.i.e.AbstractTransferListenerAdapter - Downloaded https://repo.maven.apache.org/maven2/org/springframework/boot/spring-boot-tools/2.1.1.RELEASE/spring-boot-tools-2.1.1.RELEASE.pom
2018-12-05 07:59:32,788 [Worker-16: Importing Maven projects] INFO  o.e.m.c.i.e.AbstractTransferListenerAdapter - Downloading https://repo.maven.apache.org/maven2/org/springframework/boot/spring-boot-parent/2.1.1.RELEASE/spring-boot-parent-2.1.1.RELEASE.pom
2018-12-05 07:59:33,055 [Worker-16: Importing Maven projects] INFO  o.e.m.c.i.e.AbstractTransferListenerAdapter - Downloaded https://repo.maven.apache.org/maven2/org/springframework/boot/spring-boot-parent/2.1.1.RELEASE/spring-boot-parent-2.1.1.RELEASE.pom
2018-12-05 07:59:35,214 [Worker-16: Importing Maven projects] INFO  o.e.m.c.i.e.AbstractTransferListenerAdapter - Downloading https://repo.maven.apache.org/maven2/org/springframework/boot/spring-boot-maven-plugin/2.1.1.RELEASE/spring-boot-maven-plugin-2.1.1.RELEASE.jar
2018-12-05 07:59:36,078 [Worker-16: Importing Maven projects] INFO  o.e.m.c.i.e.AbstractTransferListenerAdapter - Downloaded https://repo.maven.apache.org/maven2/org/springframework/boot/spring-boot-maven-plugin/2.1.1.RELEASE/spring-boot-maven-plugin-2.1.1.RELEASE.jar
2018-12-05 07:59:36,860 [Worker-16: Importing Maven projects] INFO  o.e.m.c.i.l.LifecycleMappingFactory - Using org.eclipse.m2e.jdt.JarLifecycleMapping lifecycle mapping for MavenProject: com.in28minutes.microservices:limits-service:0.0.1-SNAPSHOT @ /Users/rmanjunath/Desktop/java/spring-microservices/limits-service/pom.xml.
2018-12-05 07:59:37,222 [Worker-16: Importing Maven projects] INFO  o.e.m.c.i.e.AbstractTransferListenerAdapter - Downloading https://repo.spring.io/milestone/org/springframework/boot/spring-boot-starter-actuator/2.1.1.RELEASE/spring-boot-starter-actuator-2.1.1.RELEASE.pom
2018-12-05 07:59:37,575 [Worker-16: Importing Maven projects] INFO  o.e.m.c.i.e.AbstractTransferListenerAdapter - Downloaded https://repo.spring.io/milestone/org/springframework/boot/spring-boot-starter-actuator/2.1.1.RELEASE/spring-boot-starter-actuator-2.1.1.RELEASE.pom
2018-12-05 07:59:37,922 [Worker-16: Importing Maven projects] INFO  o.e.m.c.i.e.AbstractTransferListenerAdapter - Downloading https://repo.spring.io/milestone/org/springframework/boot/spring-boot-starters/2.1.1.RELEASE/spring-boot-starters-2.1.1.RELEASE.pom
2018-12-05 07:59:38,291 [Worker-16: Importing Maven projects] INFO  o.e.m.c.i.e.AbstractTransferListenerAdapter - Downloaded https://repo.spring.io/milestone/org/springframework/boot/spring-boot-starters/2.1.1.RELEASE/spring-boot-starters-2.1.1.RELEASE.pom
2018-12-05 07:59:38,640 [Worker-16: Importing Maven projects] INFO  o.e.m.c.i.e.AbstractTransferListenerAdapter - Downloading https://repo.spring.io/milestone/org/springframework/boot/spring-boot-starter/2.1.1.RELEASE/spring-boot-starter-2.1.1.RELEASE.pom
2018-12-05 07:59:39,312 [Worker-16: Importing Maven projects] INFO  o.e.m.c.i.e.AbstractTransferListenerAdapter - Downloaded https://repo.spring.io/milestone/org/springframework/boot/spring-boot-starter/2.1.1.RELEASE/spring-boot-starter-2.1.1.RELEASE.pom
2018-12-05 07:59:39,658 [Worker-16: Importing Maven projects] INFO  o.e.m.c.i.e.AbstractTransferListenerAdapter - Downloading https://repo.spring.io/milestone/org/springframework/boot/spring-boot/2.1.1.RELEASE/spring-boot-2.1.1.RELEASE.pom
2018-12-05 07:59:40,024 [Worker-16: Importing Maven projects] INFO  o.e.m.c.i.e.AbstractTransferListenerAdapter - Downloaded https://repo.spring.io/milestone/org/springframework/boot/spring-boot/2.1.1.RELEASE/spring-boot-2.1.1.RELEASE.pom
2018-12-05 07:59:40,371 [Worker-16: Importing Maven projects] INFO  o.e.m.c.i.e.AbstractTransferListenerAdapter - Downloading https://repo.spring.io/milestone/org/springframework/spring-core/5.1.3.RELEASE/spring-core-5.1.3.RELEASE.pom
2018-12-05 07:59:40,720 [Worker-16: Importing Maven projects] INFO  o.e.m.c.i.e.AbstractTransferListenerAdapter - Downloaded https://repo.spring.io/milestone/org/springframework/spring-core/5.1.3.RELEASE/spring-core-5.1.3.RELEASE.pom
2018-12-05 07:59:41,070 [Worker-16: Importing Maven projects] INFO  o.e.m.c.i.e.AbstractTransferListenerAdapter - Downloading https://repo.spring.io/milestone/org/springframework/spring-jcl/5.1.3.RELEASE/spring-jcl-5.1.3.RELEASE.pom
2018-12-05 07:59:41,632 [Worker-16: Importing Maven projects] INFO  o.e.m.c.i.e.AbstractTransferListenerAdapter - Downloaded https://repo.spring.io/milestone/org/springframework/spring-jcl/5.1.3.RELEASE/spring-jcl-5.1.3.RELEASE.pom
2018-12-05 07:59:42,070 [Worker-16: Importing Maven projects] INFO  o.e.m.c.i.e.AbstractTransferListenerAdapter - Downloading https://repo.spring.io/milestone/org/springframework/spring-context/5.1.3.RELEASE/spring-context-5.1.3.RELEASE.pom
2018-12-05 07:59:42,421 [Worker-16: Importing Maven projects] INFO  o.e.m.c.i.e.AbstractTransferListenerAdapter - Downloaded https://repo.spring.io/milestone/org/springframework/spring-context/5.1.3.RELEASE/spring-context-5.1.3.RELEASE.pom
2018-12-05 07:59:42,803 [Worker-16: Importing Maven projects] INFO  o.e.m.c.i.e.AbstractTransferListenerAdapter - Downloading https://repo.spring.io/milestone/org/springframework/spring-aop/5.1.3.RELEASE/spring-aop-5.1.3.RELEASE.pom
2018-12-05 07:59:43,129 [Worker-16: Importing Maven projects] INFO  o.e.m.c.i.e.AbstractTransferListenerAdapter - Downloaded https://repo.spring.io/milestone/org/springframework/spring-aop/5.1.3.RELEASE/spring-aop-5.1.3.RELEASE.pom
2018-12-05 07:59:43,478 [Worker-16: Importing Maven projects] INFO  o.e.m.c.i.e.AbstractTransferListenerAdapter - Downloading https://repo.spring.io/milestone/org/springframework/spring-beans/5.1.3.RELEASE/spring-beans-5.1.3.RELEASE.pom
2018-12-05 07:59:43,829 [Worker-16: Importing Maven projects] INFO  o.e.m.c.i.e.AbstractTransferListenerAdapter - Downloaded https://repo.spring.io/milestone/org/springframework/spring-beans/5.1.3.RELEASE/spring-beans-5.1.3.RELEASE.pom
2018-12-05 07:59:44,175 [Worker-16: Importing Maven projects] INFO  o.e.m.c.i.e.AbstractTransferListenerAdapter - Downloading https://repo.spring.io/milestone/org/springframework/spring-expression/5.1.3.RELEASE/spring-expression-5.1.3.RELEASE.pom
2018-12-05 07:59:44,529 [Worker-16: Importing Maven projects] INFO  o.e.m.c.i.e.AbstractTransferListenerAdapter - Downloaded https://repo.spring.io/milestone/org/springframework/spring-expression/5.1.3.RELEASE/spring-expression-5.1.3.RELEASE.pom
2018-12-05 07:59:44,877 [Worker-16: Importing Maven projects] INFO  o.e.m.c.i.e.AbstractTransferListenerAdapter - Downloading https://repo.spring.io/milestone/org/springframework/boot/spring-boot-autoconfigure/2.1.1.RELEASE/spring-boot-autoconfigure-2.1.1.RELEASE.pom
2018-12-05 07:59:45,609 [Worker-16: Importing Maven projects] INFO  o.e.m.c.i.e.AbstractTransferListenerAdapter - Downloaded https://repo.spring.io/milestone/org/springframework/boot/spring-boot-autoconfigure/2.1.1.RELEASE/spring-boot-autoconfigure-2.1.1.RELEASE.pom
2018-12-05 07:59:45,968 [Worker-16: Importing Maven projects] INFO  o.e.m.c.i.e.AbstractTransferListenerAdapter - Downloading https://repo.spring.io/milestone/org/springframework/boot/spring-boot-starter-logging/2.1.1.RELEASE/spring-boot-starter-logging-2.1.1.RELEASE.pom
2018-12-05 07:59:46,321 [Worker-16: Importing Maven projects] INFO  o.e.m.c.i.e.AbstractTransferListenerAdapter - Downloaded https://repo.spring.io/milestone/org/springframework/boot/spring-boot-starter-logging/2.1.1.RELEASE/spring-boot-starter-logging-2.1.1.RELEASE.pom
2018-12-05 07:59:46,706 [Worker-16: Importing Maven projects] INFO  o.e.m.c.i.e.AbstractTransferListenerAdapter - Downloading https://repo.spring.io/milestone/org/springframework/boot/spring-boot-actuator-autoconfigure/2.1.1.RELEASE/spring-boot-actuator-autoconfigure-2.1.1.RELEASE.pom
2018-12-05 07:59:47,111 [Worker-16: Importing Maven projects] INFO  o.e.m.c.i.e.AbstractTransferListenerAdapter - Downloaded https://repo.spring.io/milestone/org/springframework/boot/spring-boot-actuator-autoconfigure/2.1.1.RELEASE/spring-boot-actuator-autoconfigure-2.1.1.RELEASE.pom
2018-12-05 07:59:47,641 [Worker-16: Importing Maven projects] INFO  o.e.m.c.i.e.AbstractTransferListenerAdapter - Downloading https://repo.spring.io/milestone/org/springframework/boot/spring-boot-actuator/2.1.1.RELEASE/spring-boot-actuator-2.1.1.RELEASE.pom
2018-12-05 07:59:48,004 [Worker-16: Importing Maven projects] INFO  o.e.m.c.i.e.AbstractTransferListenerAdapter - Downloaded https://repo.spring.io/milestone/org/springframework/boot/spring-boot-actuator/2.1.1.RELEASE/spring-boot-actuator-2.1.1.RELEASE.pom
2018-12-05 07:59:48,582 [Worker-16: Importing Maven projects] INFO  o.e.m.c.i.e.AbstractTransferListenerAdapter - Downloaded https://repo.spring.io/milestone/io/micrometer/micrometer-core/1.1.1/micrometer-core-1.1.1.pom
2018-12-05 07:59:48,830 [Worker-16: Importing Maven projects] INFO  o.e.m.c.i.e.AbstractTransferListenerAdapter - Downloading https://repo.maven.apache.org/maven2/io/micrometer/micrometer-core/1.1.1/micrometer-core-1.1.1.pom
2018-12-05 07:59:49,205 [Worker-16: Importing Maven projects] INFO  o.e.m.c.i.e.AbstractTransferListenerAdapter - Downloaded https://repo.maven.apache.org/maven2/io/micrometer/micrometer-core/1.1.1/micrometer-core-1.1.1.pom
2018-12-05 07:59:49,537 [Worker-16: Importing Maven projects] INFO  o.e.m.c.i.e.AbstractTransferListenerAdapter - Downloading https://repo.spring.io/milestone/org/springframework/boot/spring-boot-starter-web/2.1.1.RELEASE/spring-boot-starter-web-2.1.1.RELEASE.pom
2018-12-05 07:59:49,942 [Worker-16: Importing Maven projects] INFO  o.e.m.c.i.e.AbstractTransferListenerAdapter - Downloaded https://repo.spring.io/milestone/org/springframework/boot/spring-boot-starter-web/2.1.1.RELEASE/spring-boot-starter-web-2.1.1.RELEASE.pom
2018-12-05 07:59:50,329 [Worker-16: Importing Maven projects] INFO  o.e.m.c.i.e.AbstractTransferListenerAdapter - Downloading https://repo.spring.io/milestone/org/springframework/boot/spring-boot-starter-json/2.1.1.RELEASE/spring-boot-starter-json-2.1.1.RELEASE.pom
2018-12-05 07:59:50,742 [Worker-16: Importing Maven projects] INFO  o.e.m.c.i.e.AbstractTransferListenerAdapter - Downloaded https://repo.spring.io/milestone/org/springframework/boot/spring-boot-starter-json/2.1.1.RELEASE/spring-boot-starter-json-2.1.1.RELEASE.pom
2018-12-05 07:59:51,100 [Worker-16: Importing Maven projects] INFO  o.e.m.c.i.e.AbstractTransferListenerAdapter - Downloading https://repo.spring.io/milestone/org/springframework/spring-web/5.1.3.RELEASE/spring-web-5.1.3.RELEASE.pom
2018-12-05 07:59:51,489 [Worker-16: Importing Maven projects] INFO  o.e.m.c.i.e.AbstractTransferListenerAdapter - Downloaded https://repo.spring.io/milestone/org/springframework/spring-web/5.1.3.RELEASE/spring-web-5.1.3.RELEASE.pom
2018-12-05 07:59:51,865 [Worker-16: Importing Maven projects] INFO  o.e.m.c.i.e.AbstractTransferListenerAdapter - Downloading https://repo.spring.io/milestone/org/springframework/boot/spring-boot-starter-tomcat/2.1.1.RELEASE/spring-boot-starter-tomcat-2.1.1.RELEASE.pom
2018-12-05 07:59:52,216 [Worker-16: Importing Maven projects] INFO  o.e.m.c.i.e.AbstractTransferListenerAdapter - Downloaded https://repo.spring.io/milestone/org/springframework/boot/spring-boot-starter-tomcat/2.1.1.RELEASE/spring-boot-starter-tomcat-2.1.1.RELEASE.pom
2018-12-05 07:59:52,593 [Worker-16: Importing Maven projects] INFO  o.e.m.c.i.e.AbstractTransferListenerAdapter - Downloaded https://repo.spring.io/milestone/org/apache/tomcat/embed/tomcat-embed-core/9.0.13/tomcat-embed-core-9.0.13.pom
2018-12-05 07:59:52,838 [Worker-16: Importing Maven projects] INFO  o.e.m.c.i.e.AbstractTransferListenerAdapter - Downloading https://repo.maven.apache.org/maven2/org/apache/tomcat/embed/tomcat-embed-core/9.0.13/tomcat-embed-core-9.0.13.pom
2018-12-05 07:59:53,085 [Worker-16: Importing Maven projects] INFO  o.e.m.c.i.e.AbstractTransferListenerAdapter - Downloaded https://repo.maven.apache.org/maven2/org/apache/tomcat/embed/tomcat-embed-core/9.0.13/tomcat-embed-core-9.0.13.pom
2018-12-05 07:59:53,406 [Worker-16: Importing Maven projects] INFO  o.e.m.c.i.e.AbstractTransferListenerAdapter - Downloaded https://repo.spring.io/milestone/org/apache/tomcat/embed/tomcat-embed-el/9.0.13/tomcat-embed-el-9.0.13.pom
2018-12-05 07:59:53,651 [Worker-16: Importing Maven projects] INFO  o.e.m.c.i.e.AbstractTransferListenerAdapter - Downloading https://repo.maven.apache.org/maven2/org/apache/tomcat/embed/tomcat-embed-el/9.0.13/tomcat-embed-el-9.0.13.pom
2018-12-05 07:59:53,897 [Worker-16: Importing Maven projects] INFO  o.e.m.c.i.e.AbstractTransferListenerAdapter - Downloaded https://repo.maven.apache.org/maven2/org/apache/tomcat/embed/tomcat-embed-el/9.0.13/tomcat-embed-el-9.0.13.pom
2018-12-05 07:59:54,215 [Worker-16: Importing Maven projects] INFO  o.e.m.c.i.e.AbstractTransferListenerAdapter - Downloaded https://repo.spring.io/milestone/org/apache/tomcat/embed/tomcat-embed-websocket/9.0.13/tomcat-embed-websocket-9.0.13.pom
2018-12-05 07:59:54,461 [Worker-16: Importing Maven projects] INFO  o.e.m.c.i.e.AbstractTransferListenerAdapter - Downloading https://repo.maven.apache.org/maven2/org/apache/tomcat/embed/tomcat-embed-websocket/9.0.13/tomcat-embed-websocket-9.0.13.pom
2018-12-05 07:59:54,706 [Worker-16: Importing Maven projects] INFO  o.e.m.c.i.e.AbstractTransferListenerAdapter - Downloaded https://repo.maven.apache.org/maven2/org/apache/tomcat/embed/tomcat-embed-websocket/9.0.13/tomcat-embed-websocket-9.0.13.pom
2018-12-05 07:59:55,025 [Worker-16: Importing Maven projects] INFO  o.e.m.c.i.e.AbstractTransferListenerAdapter - Downloaded https://repo.spring.io/milestone/org/apache/tomcat/tomcat-annotations-api/9.0.13/tomcat-annotations-api-9.0.13.pom
2018-12-05 07:59:55,271 [Worker-16: Importing Maven projects] INFO  o.e.m.c.i.e.AbstractTransferListenerAdapter - Downloading https://repo.maven.apache.org/maven2/org/apache/tomcat/tomcat-annotations-api/9.0.13/tomcat-annotations-api-9.0.13.pom
2018-12-05 07:59:55,555 [Worker-16: Importing Maven projects] INFO  o.e.m.c.i.e.AbstractTransferListenerAdapter - Downloaded https://repo.maven.apache.org/maven2/org/apache/tomcat/tomcat-annotations-api/9.0.13/tomcat-annotations-api-9.0.13.pom
2018-12-05 07:59:55,918 [Worker-16: Importing Maven projects] INFO  o.e.m.c.i.e.AbstractTransferListenerAdapter - Downloading https://repo.spring.io/milestone/org/springframework/spring-webmvc/5.1.3.RELEASE/spring-webmvc-5.1.3.RELEASE.pom
2018-12-05 07:59:56,278 [Worker-16: Importing Maven projects] INFO  o.e.m.c.i.e.AbstractTransferListenerAdapter - Downloaded https://repo.spring.io/milestone/org/springframework/spring-webmvc/5.1.3.RELEASE/spring-webmvc-5.1.3.RELEASE.pom
2018-12-05 07:59:56,625 [Worker-16: Importing Maven projects] INFO  o.e.m.c.i.e.AbstractTransferListenerAdapter - Downloading https://repo.spring.io/milestone/org/springframework/cloud/spring-cloud-starter-config/2.1.0.M3/spring-cloud-starter-config-2.1.0.M3.pom
2018-12-05 07:59:56,943 [Worker-16: Importing Maven projects] INFO  o.e.m.c.i.e.AbstractTransferListenerAdapter - Downloaded https://repo.spring.io/milestone/org/springframework/cloud/spring-cloud-starter-config/2.1.0.M3/spring-cloud-starter-config-2.1.0.M3.pom
2018-12-05 07:59:57,291 [Worker-16: Importing Maven projects] INFO  o.e.m.c.i.e.AbstractTransferListenerAdapter - Downloading https://repo.spring.io/milestone/org/springframework/cloud/spring-cloud-config/2.1.0.M3/spring-cloud-config-2.1.0.M3.pom
2018-12-05 07:59:57,665 [Worker-16: Importing Maven projects] INFO  o.e.m.c.i.e.AbstractTransferListenerAdapter - Downloaded https://repo.spring.io/milestone/org/springframework/cloud/spring-cloud-config/2.1.0.M3/spring-cloud-config-2.1.0.M3.pom
2018-12-05 07:59:58,013 [Worker-16: Importing Maven projects] INFO  o.e.m.c.i.e.AbstractTransferListenerAdapter - Downloading https://repo.spring.io/milestone/org/springframework/cloud/spring-cloud-build/2.1.0.RC2/spring-cloud-build-2.1.0.RC2.pom
2018-12-05 07:59:58,495 [Worker-16: Importing Maven projects] INFO  o.e.m.c.i.e.AbstractTransferListenerAdapter - Downloaded https://repo.spring.io/milestone/org/springframework/cloud/spring-cloud-build/2.1.0.RC2/spring-cloud-build-2.1.0.RC2.pom
2018-12-05 07:59:58,879 [Worker-16: Importing Maven projects] INFO  o.e.m.c.i.e.AbstractTransferListenerAdapter - Downloading https://repo.spring.io/milestone/org/springframework/cloud/spring-cloud-build-dependencies/2.1.0.RC2/spring-cloud-build-dependencies-2.1.0.RC2.pom
2018-12-05 07:59:59,276 [Worker-16: Importing Maven projects] INFO  o.e.m.c.i.e.AbstractTransferListenerAdapter - Downloaded https://repo.spring.io/milestone/org/springframework/cloud/spring-cloud-build-dependencies/2.1.0.RC2/spring-cloud-build-dependencies-2.1.0.RC2.pom
2018-12-05 07:59:59,622 [Worker-16: Importing Maven projects] INFO  o.e.m.c.i.e.AbstractTransferListenerAdapter - Downloading https://repo.spring.io/milestone/org/springframework/cloud/spring-cloud-starter/2.1.0.M2/spring-cloud-starter-2.1.0.M2.pom
2018-12-05 08:00:00,216 [Worker-16: Importing Maven projects] INFO  o.e.m.c.i.e.AbstractTransferListenerAdapter - Downloaded https://repo.spring.io/milestone/org/springframework/cloud/spring-cloud-starter/2.1.0.M2/spring-cloud-starter-2.1.0.M2.pom
2018-12-05 08:00:00,561 [Worker-16: Importing Maven projects] INFO  o.e.m.c.i.e.AbstractTransferListenerAdapter - Downloading https://repo.spring.io/milestone/org/springframework/cloud/spring-cloud-commons-parent/2.1.0.M2/spring-cloud-commons-parent-2.1.0.M2.pom
2018-12-05 08:00:00,911 [Worker-16: Importing Maven projects] INFO  o.e.m.c.i.e.AbstractTransferListenerAdapter - Downloaded https://repo.spring.io/milestone/org/springframework/cloud/spring-cloud-commons-parent/2.1.0.M2/spring-cloud-commons-parent-2.1.0.M2.pom
2018-12-05 08:00:01,255 [Worker-16: Importing Maven projects] INFO  o.e.m.c.i.e.AbstractTransferListenerAdapter - Downloading https://repo.spring.io/milestone/org/springframework/cloud/spring-cloud-context/2.1.0.M2/spring-cloud-context-2.1.0.M2.pom
2018-12-05 08:00:01,608 [Worker-16: Importing Maven projects] INFO  o.e.m.c.i.e.AbstractTransferListenerAdapter - Downloaded https://repo.spring.io/milestone/org/springframework/cloud/spring-cloud-context/2.1.0.M2/spring-cloud-context-2.1.0.M2.pom
2018-12-05 08:00:01,961 [Worker-16: Importing Maven projects] INFO  o.e.m.c.i.e.AbstractTransferListenerAdapter - Downloading https://repo.spring.io/milestone/org/springframework/security/spring-security-crypto/5.1.2.RELEASE/spring-security-crypto-5.1.2.RELEASE.pom
2018-12-05 08:00:02,316 [Worker-16: Importing Maven projects] INFO  o.e.m.c.i.e.AbstractTransferListenerAdapter - Downloaded https://repo.spring.io/milestone/org/springframework/security/spring-security-crypto/5.1.2.RELEASE/spring-security-crypto-5.1.2.RELEASE.pom
2018-12-05 08:00:02,662 [Worker-16: Importing Maven projects] INFO  o.e.m.c.i.e.AbstractTransferListenerAdapter - Downloading https://repo.spring.io/milestone/org/springframework/cloud/spring-cloud-commons/2.1.0.M2/spring-cloud-commons-2.1.0.M2.pom
2018-12-05 08:00:03,022 [Worker-16: Importing Maven projects] INFO  o.e.m.c.i.e.AbstractTransferListenerAdapter - Downloaded https://repo.spring.io/milestone/org/springframework/cloud/spring-cloud-commons/2.1.0.M2/spring-cloud-commons-2.1.0.M2.pom
2018-12-05 08:00:03,501 [Worker-16: Importing Maven projects] INFO  o.e.m.c.i.e.AbstractTransferListenerAdapter - Downloading https://repo.spring.io/milestone/org/springframework/cloud/spring-cloud-config-client/2.1.0.M3/spring-cloud-config-client-2.1.0.M3.pom
2018-12-05 08:00:03,852 [Worker-16: Importing Maven projects] INFO  o.e.m.c.i.e.AbstractTransferListenerAdapter - Downloaded https://repo.spring.io/milestone/org/springframework/cloud/spring-cloud-config-client/2.1.0.M3/spring-cloud-config-client-2.1.0.M3.pom
2018-12-05 08:00:04,350 [Worker-16: Importing Maven projects] INFO  o.e.m.c.i.e.AbstractTransferListenerAdapter - Downloading https://repo.spring.io/milestone/org/springframework/boot/spring-boot-devtools/2.1.1.RELEASE/spring-boot-devtools-2.1.1.RELEASE.pom
2018-12-05 08:00:04,709 [Worker-16: Importing Maven projects] INFO  o.e.m.c.i.e.AbstractTransferListenerAdapter - Downloaded https://repo.spring.io/milestone/org/springframework/boot/spring-boot-devtools/2.1.1.RELEASE/spring-boot-devtools-2.1.1.RELEASE.pom
2018-12-05 08:00:05,056 [Worker-16: Importing Maven projects] INFO  o.e.m.c.i.e.AbstractTransferListenerAdapter - Downloading https://repo.spring.io/milestone/org/springframework/boot/spring-boot-starter-test/2.1.1.RELEASE/spring-boot-starter-test-2.1.1.RELEASE.pom
2018-12-05 08:00:05,408 [Worker-16: Importing Maven projects] INFO  o.e.m.c.i.e.AbstractTransferListenerAdapter - Downloaded https://repo.spring.io/milestone/org/springframework/boot/spring-boot-starter-test/2.1.1.RELEASE/spring-boot-starter-test-2.1.1.RELEASE.pom
2018-12-05 08:00:05,758 [Worker-16: Importing Maven projects] INFO  o.e.m.c.i.e.AbstractTransferListenerAdapter - Downloading https://repo.spring.io/milestone/org/springframework/boot/spring-boot-test/2.1.1.RELEASE/spring-boot-test-2.1.1.RELEASE.pom
2018-12-05 08:00:06,111 [Worker-16: Importing Maven projects] INFO  o.e.m.c.i.e.AbstractTransferListenerAdapter - Downloaded https://repo.spring.io/milestone/org/springframework/boot/spring-boot-test/2.1.1.RELEASE/spring-boot-test-2.1.1.RELEASE.pom
2018-12-05 08:00:06,494 [Worker-16: Importing Maven projects] INFO  o.e.m.c.i.e.AbstractTransferListenerAdapter - Downloading https://repo.spring.io/milestone/org/springframework/boot/spring-boot-test-autoconfigure/2.1.1.RELEASE/spring-boot-test-autoconfigure-2.1.1.RELEASE.pom
2018-12-05 08:00:06,865 [Worker-16: Importing Maven projects] INFO  o.e.m.c.i.e.AbstractTransferListenerAdapter - Downloaded https://repo.spring.io/milestone/org/springframework/boot/spring-boot-test-autoconfigure/2.1.1.RELEASE/spring-boot-test-autoconfigure-2.1.1.RELEASE.pom
2018-12-05 08:00:07,213 [Worker-16: Importing Maven projects] INFO  o.e.m.c.i.e.AbstractTransferListenerAdapter - Downloaded https://repo.spring.io/milestone/org/mockito/mockito-core/2.23.4/mockito-core-2.23.4.pom
2018-12-05 08:00:07,532 [Worker-16: Importing Maven projects] INFO  o.e.m.c.i.e.AbstractTransferListenerAdapter - Downloading https://repo.maven.apache.org/maven2/org/mockito/mockito-core/2.23.4/mockito-core-2.23.4.pom
2018-12-05 08:00:07,789 [Worker-16: Importing Maven projects] INFO  o.e.m.c.i.e.AbstractTransferListenerAdapter - Downloaded https://repo.maven.apache.org/maven2/org/mockito/mockito-core/2.23.4/mockito-core-2.23.4.pom
2018-12-05 08:00:08,111 [Worker-16: Importing Maven projects] INFO  o.e.m.c.i.e.AbstractTransferListenerAdapter - Downloaded https://repo.spring.io/milestone/net/bytebuddy/byte-buddy/1.9.5/byte-buddy-1.9.5.pom
2018-12-05 08:00:08,357 [Worker-16: Importing Maven projects] INFO  o.e.m.c.i.e.AbstractTransferListenerAdapter - Downloading https://repo.maven.apache.org/maven2/net/bytebuddy/byte-buddy/1.9.5/byte-buddy-1.9.5.pom
2018-12-05 08:00:08,621 [Worker-16: Importing Maven projects] INFO  o.e.m.c.i.e.AbstractTransferListenerAdapter - Downloaded https://repo.maven.apache.org/maven2/net/bytebuddy/byte-buddy/1.9.5/byte-buddy-1.9.5.pom
2018-12-05 08:00:09,000 [Worker-16: Importing Maven projects] INFO  o.e.m.c.i.e.AbstractTransferListenerAdapter - Downloaded https://repo.spring.io/milestone/net/bytebuddy/byte-buddy-parent/1.9.5/byte-buddy-parent-1.9.5.pom
2018-12-05 08:00:09,252 [Worker-16: Importing Maven projects] INFO  o.e.m.c.i.e.AbstractTransferListenerAdapter - Downloading https://repo.maven.apache.org/maven2/net/bytebuddy/byte-buddy-parent/1.9.5/byte-buddy-parent-1.9.5.pom
2018-12-05 08:00:09,604 [Worker-16: Importing Maven projects] INFO  o.e.m.c.i.e.AbstractTransferListenerAdapter - Downloaded https://repo.maven.apache.org/maven2/net/bytebuddy/byte-buddy-parent/1.9.5/byte-buddy-parent-1.9.5.pom
2018-12-05 08:00:09,921 [Worker-16: Importing Maven projects] INFO  o.e.m.c.i.e.AbstractTransferListenerAdapter - Downloaded https://repo.spring.io/milestone/net/bytebuddy/byte-buddy-agent/1.9.5/byte-buddy-agent-1.9.5.pom
2018-12-05 08:00:10,167 [Worker-16: Importing Maven projects] INFO  o.e.m.c.i.e.AbstractTransferListenerAdapter - Downloading https://repo.maven.apache.org/maven2/net/bytebuddy/byte-buddy-agent/1.9.5/byte-buddy-agent-1.9.5.pom
2018-12-05 08:00:10,417 [Worker-16: Importing Maven projects] INFO  o.e.m.c.i.e.AbstractTransferListenerAdapter - Downloaded https://repo.maven.apache.org/maven2/net/bytebuddy/byte-buddy-agent/1.9.5/byte-buddy-agent-1.9.5.pom
2018-12-05 08:00:10,809 [Worker-16: Importing Maven projects] INFO  o.e.m.c.i.e.AbstractTransferListenerAdapter - Downloading https://repo.spring.io/milestone/org/springframework/spring-test/5.1.3.RELEASE/spring-test-5.1.3.RELEASE.pom
2018-12-05 08:00:11,138 [Worker-16: Importing Maven projects] INFO  o.e.m.c.i.e.AbstractTransferListenerAdapter - Downloaded https://repo.spring.io/milestone/org/springframework/spring-test/5.1.3.RELEASE/spring-test-5.1.3.RELEASE.pom
2018-12-05 08:00:11,521 [Worker-16: Importing Maven projects] INFO  o.e.m.c.i.e.AbstractTransferListenerAdapter - Downloading https://repo.spring.io/milestone/org/springframework/boot/spring-boot-starter-actuator/2.1.1.RELEASE/spring-boot-starter-actuator-2.1.1.RELEASE.jar
2018-12-05 08:00:11,878 [Worker-16: Importing Maven projects] INFO  o.e.m.c.i.e.AbstractTransferListenerAdapter - Downloaded https://repo.spring.io/milestone/org/springframework/boot/spring-boot-starter-actuator/2.1.1.RELEASE/spring-boot-starter-actuator-2.1.1.RELEASE.jar
2018-12-05 08:00:12,235 [Worker-16: Importing Maven projects] INFO  o.e.m.c.i.e.AbstractTransferListenerAdapter - Downloading https://repo.spring.io/milestone/org/springframework/boot/spring-boot-starter/2.1.1.RELEASE/spring-boot-starter-2.1.1.RELEASE.jar
2018-12-05 08:00:12,655 [Worker-16: Importing Maven projects] INFO  o.e.m.c.i.e.AbstractTransferListenerAdapter - Downloaded https://repo.spring.io/milestone/org/springframework/boot/spring-boot-starter/2.1.1.RELEASE/spring-boot-starter-2.1.1.RELEASE.jar
2018-12-05 08:00:12,984 [Worker-16: Importing Maven projects] INFO  o.e.m.c.i.e.AbstractTransferListenerAdapter - Downloading https://repo.spring.io/milestone/org/springframework/boot/spring-boot-starter-logging/2.1.1.RELEASE/spring-boot-starter-logging-2.1.1.RELEASE.jar
2018-12-05 08:00:13,338 [Worker-16: Importing Maven projects] INFO  o.e.m.c.i.e.AbstractTransferListenerAdapter - Downloaded https://repo.spring.io/milestone/org/springframework/boot/spring-boot-starter-logging/2.1.1.RELEASE/spring-boot-starter-logging-2.1.1.RELEASE.jar
2018-12-05 08:00:13,716 [Worker-16: Importing Maven projects] INFO  o.e.m.c.i.e.AbstractTransferListenerAdapter - Downloading https://repo.spring.io/milestone/org/springframework/boot/spring-boot-actuator-autoconfigure/2.1.1.RELEASE/spring-boot-actuator-autoconfigure-2.1.1.RELEASE.jar
2018-12-05 08:00:15,010 [Worker-16: Importing Maven projects] INFO  o.e.m.c.i.e.AbstractTransferListenerAdapter - Downloaded https://repo.spring.io/milestone/org/springframework/boot/spring-boot-actuator-autoconfigure/2.1.1.RELEASE/spring-boot-actuator-autoconfigure-2.1.1.RELEASE.jar
2018-12-05 08:00:15,365 [Worker-16: Importing Maven projects] INFO  o.e.m.c.i.e.AbstractTransferListenerAdapter - Downloading https://repo.spring.io/milestone/org/springframework/boot/spring-boot-actuator/2.1.1.RELEASE/spring-boot-actuator-2.1.1.RELEASE.jar
2018-12-05 08:00:16,719 [Worker-16: Importing Maven projects] INFO  o.e.m.c.i.e.AbstractTransferListenerAdapter - Downloaded https://repo.spring.io/milestone/org/springframework/boot/spring-boot-actuator/2.1.1.RELEASE/spring-boot-actuator-2.1.1.RELEASE.jar
2018-12-05 08:00:17,072 [Worker-16: Importing Maven projects] INFO  o.e.m.c.i.e.AbstractTransferListenerAdapter - Downloading https://repo.spring.io/milestone/org/springframework/spring-context/5.1.3.RELEASE/spring-context-5.1.3.RELEASE.jar
2018-12-05 08:00:18,745 [Worker-16: Importing Maven projects] INFO  o.e.m.c.i.e.AbstractTransferListenerAdapter - Downloaded https://repo.spring.io/milestone/org/springframework/spring-context/5.1.3.RELEASE/spring-context-5.1.3.RELEASE.jar
2018-12-05 08:00:19,089 [Worker-16: Importing Maven projects] INFO  o.e.m.c.i.e.AbstractTransferListenerAdapter - Downloaded https://repo.spring.io/milestone/io/micrometer/micrometer-core/1.1.1/micrometer-core-1.1.1.jar
2018-12-05 08:00:19,448 [Worker-16: Importing Maven projects] INFO  o.e.m.c.i.e.AbstractTransferListenerAdapter - Downloading https://repo.spring.io/milestone/org/springframework/boot/spring-boot-starter-web/2.1.1.RELEASE/spring-boot-starter-web-2.1.1.RELEASE.jar
2018-12-05 08:00:19,796 [Worker-16: Importing Maven projects] INFO  o.e.m.c.i.e.AbstractTransferListenerAdapter - Downloaded https://repo.spring.io/milestone/org/springframework/boot/spring-boot-starter-web/2.1.1.RELEASE/spring-boot-starter-web-2.1.1.RELEASE.jar
2018-12-05 08:00:20,142 [Worker-16: Importing Maven projects] INFO  o.e.m.c.i.e.AbstractTransferListenerAdapter - Downloading https://repo.spring.io/milestone/org/springframework/boot/spring-boot-starter-json/2.1.1.RELEASE/spring-boot-starter-json-2.1.1.RELEASE.jar
2018-12-05 08:00:20,492 [Worker-16: Importing Maven projects] INFO  o.e.m.c.i.e.AbstractTransferListenerAdapter - Downloaded https://repo.spring.io/milestone/org/springframework/boot/spring-boot-starter-json/2.1.1.RELEASE/spring-boot-starter-json-2.1.1.RELEASE.jar
2018-12-05 08:00:20,838 [Worker-16: Importing Maven projects] INFO  o.e.m.c.i.e.AbstractTransferListenerAdapter - Downloading https://repo.spring.io/milestone/org/springframework/boot/spring-boot-starter-tomcat/2.1.1.RELEASE/spring-boot-starter-tomcat-2.1.1.RELEASE.jar
2018-12-05 08:00:21,200 [Worker-16: Importing Maven projects] INFO  o.e.m.c.i.e.AbstractTransferListenerAdapter - Downloaded https://repo.spring.io/milestone/org/springframework/boot/spring-boot-starter-tomcat/2.1.1.RELEASE/spring-boot-starter-tomcat-2.1.1.RELEASE.jar
2018-12-05 08:00:21,550 [Worker-16: Importing Maven projects] INFO  o.e.m.c.i.e.AbstractTransferListenerAdapter - Downloaded https://repo.spring.io/milestone/org/apache/tomcat/embed/tomcat-embed-core/9.0.13/tomcat-embed-core-9.0.13.jar
2018-12-05 08:00:21,895 [Worker-16: Importing Maven projects] INFO  o.e.m.c.i.e.AbstractTransferListenerAdapter - Downloaded https://repo.spring.io/milestone/org/apache/tomcat/embed/tomcat-embed-el/9.0.13/tomcat-embed-el-9.0.13.jar
2018-12-05 08:00:22,314 [Worker-16: Importing Maven projects] INFO  o.e.m.c.i.e.AbstractTransferListenerAdapter - Downloaded https://repo.spring.io/milestone/org/apache/tomcat/embed/tomcat-embed-websocket/9.0.13/tomcat-embed-websocket-9.0.13.jar
2018-12-05 08:00:22,675 [Worker-16: Importing Maven projects] INFO  o.e.m.c.i.e.AbstractTransferListenerAdapter - Downloading https://repo.spring.io/milestone/org/springframework/spring-web/5.1.3.RELEASE/spring-web-5.1.3.RELEASE.jar
2018-12-05 08:00:24,452 [Worker-16: Importing Maven projects] INFO  o.e.m.c.i.e.AbstractTransferListenerAdapter - Downloaded https://repo.spring.io/milestone/org/springframework/spring-web/5.1.3.RELEASE/spring-web-5.1.3.RELEASE.jar
2018-12-05 08:00:24,801 [Worker-16: Importing Maven projects] INFO  o.e.m.c.i.e.AbstractTransferListenerAdapter - Downloading https://repo.spring.io/milestone/org/springframework/spring-beans/5.1.3.RELEASE/spring-beans-5.1.3.RELEASE.jar
2018-12-05 08:00:26,477 [Worker-16: Importing Maven projects] INFO  o.e.m.c.i.e.AbstractTransferListenerAdapter - Downloaded https://repo.spring.io/milestone/org/springframework/spring-beans/5.1.3.RELEASE/spring-beans-5.1.3.RELEASE.jar
2018-12-05 08:00:26,829 [Worker-16: Importing Maven projects] INFO  o.e.m.c.i.e.AbstractTransferListenerAdapter - Downloading https://repo.spring.io/milestone/org/springframework/spring-webmvc/5.1.3.RELEASE/spring-webmvc-5.1.3.RELEASE.jar
2018-12-05 08:00:28,028 [Worker-16: Importing Maven projects] INFO  o.e.m.c.i.e.AbstractTransferListenerAdapter - Downloaded https://repo.spring.io/milestone/org/springframework/spring-webmvc/5.1.3.RELEASE/spring-webmvc-5.1.3.RELEASE.jar
2018-12-05 08:00:28,377 [Worker-16: Importing Maven projects] INFO  o.e.m.c.i.e.AbstractTransferListenerAdapter - Downloading https://repo.spring.io/milestone/org/springframework/spring-aop/5.1.3.RELEASE/spring-aop-5.1.3.RELEASE.jar
2018-12-05 08:00:29,447 [Worker-16: Importing Maven projects] INFO  o.e.m.c.i.e.AbstractTransferListenerAdapter - Downloaded https://repo.spring.io/milestone/org/springframework/spring-aop/5.1.3.RELEASE/spring-aop-5.1.3.RELEASE.jar
2018-12-05 08:00:29,876 [Worker-16: Importing Maven projects] INFO  o.e.m.c.i.e.AbstractTransferListenerAdapter - Downloading https://repo.spring.io/milestone/org/springframework/spring-expression/5.1.3.RELEASE/spring-expression-5.1.3.RELEASE.jar
2018-12-05 08:00:30,573 [Worker-16: Importing Maven projects] INFO  o.e.m.c.i.e.AbstractTransferListenerAdapter - Downloaded https://repo.spring.io/milestone/org/springframework/spring-expression/5.1.3.RELEASE/spring-expression-5.1.3.RELEASE.jar
2018-12-05 08:00:30,948 [Worker-16: Importing Maven projects] INFO  o.e.m.c.i.e.AbstractTransferListenerAdapter - Downloading https://repo.spring.io/milestone/org/springframework/cloud/spring-cloud-starter-config/2.1.0.M3/spring-cloud-starter-config-2.1.0.M3.jar
2018-12-05 08:00:31,324 [Worker-16: Importing Maven projects] INFO  o.e.m.c.i.e.AbstractTransferListenerAdapter - Downloaded https://repo.spring.io/milestone/org/springframework/cloud/spring-cloud-starter-config/2.1.0.M3/spring-cloud-starter-config-2.1.0.M3.jar
2018-12-05 08:00:31,699 [Worker-16: Importing Maven projects] INFO  o.e.m.c.i.e.AbstractTransferListenerAdapter - Downloading https://repo.spring.io/milestone/org/springframework/cloud/spring-cloud-starter/2.1.0.M2/spring-cloud-starter-2.1.0.M2.jar
2018-12-05 08:00:32,110 [Worker-16: Importing Maven projects] INFO  o.e.m.c.i.e.AbstractTransferListenerAdapter - Downloaded https://repo.spring.io/milestone/org/springframework/cloud/spring-cloud-starter/2.1.0.M2/spring-cloud-starter-2.1.0.M2.jar
2018-12-05 08:00:32,461 [Worker-16: Importing Maven projects] INFO  o.e.m.c.i.e.AbstractTransferListenerAdapter - Downloading https://repo.spring.io/milestone/org/springframework/cloud/spring-cloud-context/2.1.0.M2/spring-cloud-context-2.1.0.M2.jar
2018-12-05 08:00:33,465 [Worker-16: Importing Maven projects] INFO  o.e.m.c.i.e.AbstractTransferListenerAdapter - Downloaded https://repo.spring.io/milestone/org/springframework/cloud/spring-cloud-context/2.1.0.M2/spring-cloud-context-2.1.0.M2.jar
2018-12-05 08:00:33,845 [Worker-16: Importing Maven projects] INFO  o.e.m.c.i.e.AbstractTransferListenerAdapter - Downloading https://repo.spring.io/milestone/org/springframework/security/spring-security-crypto/5.1.2.RELEASE/spring-security-crypto-5.1.2.RELEASE.jar
2018-12-05 08:00:34,734 [Worker-16: Importing Maven projects] INFO  o.e.m.c.i.e.AbstractTransferListenerAdapter - Downloaded https://repo.spring.io/milestone/org/springframework/security/spring-security-crypto/5.1.2.RELEASE/spring-security-crypto-5.1.2.RELEASE.jar
2018-12-05 08:00:35,080 [Worker-16: Importing Maven projects] INFO  o.e.m.c.i.e.AbstractTransferListenerAdapter - Downloading https://repo.spring.io/milestone/org/springframework/cloud/spring-cloud-commons/2.1.0.M2/spring-cloud-commons-2.1.0.M2.jar
2018-12-05 08:00:36,207 [Worker-16: Importing Maven projects] INFO  o.e.m.c.i.e.AbstractTransferListenerAdapter - Downloaded https://repo.spring.io/milestone/org/springframework/cloud/spring-cloud-commons/2.1.0.M2/spring-cloud-commons-2.1.0.M2.jar
2018-12-05 08:00:36,641 [Worker-16: Importing Maven projects] INFO  o.e.m.c.i.e.AbstractTransferListenerAdapter - Downloading https://repo.spring.io/milestone/org/springframework/cloud/spring-cloud-config-client/2.1.0.M3/spring-cloud-config-client-2.1.0.M3.jar
2018-12-05 08:00:37,128 [Worker-16: Importing Maven projects] INFO  o.e.m.c.i.e.AbstractTransferListenerAdapter - Downloaded https://repo.spring.io/milestone/org/springframework/cloud/spring-cloud-config-client/2.1.0.M3/spring-cloud-config-client-2.1.0.M3.jar
2018-12-05 08:00:37,536 [Worker-16: Importing Maven projects] INFO  o.e.m.c.i.e.AbstractTransferListenerAdapter - Downloading https://repo.spring.io/milestone/org/springframework/boot/spring-boot-devtools/2.1.1.RELEASE/spring-boot-devtools-2.1.1.RELEASE.jar
2018-12-05 08:00:38,268 [Worker-16: Importing Maven projects] INFO  o.e.m.c.i.e.AbstractTransferListenerAdapter - Downloaded https://repo.spring.io/milestone/org/springframework/boot/spring-boot-devtools/2.1.1.RELEASE/spring-boot-devtools-2.1.1.RELEASE.jar
2018-12-05 08:00:38,616 [Worker-16: Importing Maven projects] INFO  o.e.m.c.i.e.AbstractTransferListenerAdapter - Downloading https://repo.spring.io/milestone/org/springframework/boot/spring-boot/2.1.1.RELEASE/spring-boot-2.1.1.RELEASE.jar
2018-12-05 08:00:39,381 [Worker-16: Importing Maven projects] INFO  o.e.m.c.i.e.AbstractTransferListenerAdapter - Downloaded https://repo.spring.io/milestone/org/springframework/boot/spring-boot/2.1.1.RELEASE/spring-boot-2.1.1.RELEASE.jar
2018-12-05 08:00:39,782 [Worker-16: Importing Maven projects] INFO  o.e.m.c.i.e.AbstractTransferListenerAdapter - Downloading https://repo.spring.io/milestone/org/springframework/boot/spring-boot-autoconfigure/2.1.1.RELEASE/spring-boot-autoconfigure-2.1.1.RELEASE.jar
2018-12-05 08:00:40,790 [Worker-16: Importing Maven projects] INFO  o.e.m.c.i.e.AbstractTransferListenerAdapter - Downloaded https://repo.spring.io/milestone/org/springframework/boot/spring-boot-autoconfigure/2.1.1.RELEASE/spring-boot-autoconfigure-2.1.1.RELEASE.jar
2018-12-05 08:00:41,137 [Worker-16: Importing Maven projects] INFO  o.e.m.c.i.e.AbstractTransferListenerAdapter - Downloading https://repo.spring.io/milestone/org/springframework/boot/spring-boot-starter-test/2.1.1.RELEASE/spring-boot-starter-test-2.1.1.RELEASE.jar
2018-12-05 08:00:41,487 [Worker-16: Importing Maven projects] INFO  o.e.m.c.i.e.AbstractTransferListenerAdapter - Downloaded https://repo.spring.io/milestone/org/springframework/boot/spring-boot-starter-test/2.1.1.RELEASE/spring-boot-starter-test-2.1.1.RELEASE.jar
2018-12-05 08:00:41,836 [Worker-16: Importing Maven projects] INFO  o.e.m.c.i.e.AbstractTransferListenerAdapter - Downloading https://repo.spring.io/milestone/org/springframework/boot/spring-boot-test/2.1.1.RELEASE/spring-boot-test-2.1.1.RELEASE.jar
2018-12-05 08:00:42,890 [Worker-16: Importing Maven projects] INFO  o.e.m.c.i.e.AbstractTransferListenerAdapter - Downloaded https://repo.spring.io/milestone/org/springframework/boot/spring-boot-test/2.1.1.RELEASE/spring-boot-test-2.1.1.RELEASE.jar
2018-12-05 08:00:43,279 [Worker-16: Importing Maven projects] INFO  o.e.m.c.i.e.AbstractTransferListenerAdapter - Downloading https://repo.spring.io/milestone/org/springframework/boot/spring-boot-test-autoconfigure/2.1.1.RELEASE/spring-boot-test-autoconfigure-2.1.1.RELEASE.jar
2018-12-05 08:00:44,345 [Worker-16: Importing Maven projects] INFO  o.e.m.c.i.e.AbstractTransferListenerAdapter - Downloaded https://repo.spring.io/milestone/org/springframework/boot/spring-boot-test-autoconfigure/2.1.1.RELEASE/spring-boot-test-autoconfigure-2.1.1.RELEASE.jar
2018-12-05 08:00:44,717 [Worker-16: Importing Maven projects] INFO  o.e.m.c.i.e.AbstractTransferListenerAdapter - Downloaded https://repo.spring.io/milestone/org/mockito/mockito-core/2.23.4/mockito-core-2.23.4.jar
2018-12-05 08:00:45,031 [Worker-16: Importing Maven projects] INFO  o.e.m.c.i.e.AbstractTransferListenerAdapter - Downloaded https://repo.spring.io/milestone/net/bytebuddy/byte-buddy/1.9.5/byte-buddy-1.9.5.jar
2018-12-05 08:00:45,626 [Worker-16: Importing Maven projects] INFO  o.e.m.c.i.e.AbstractTransferListenerAdapter - Downloaded https://repo.spring.io/milestone/net/bytebuddy/byte-buddy-agent/1.9.5/byte-buddy-agent-1.9.5.jar
2018-12-05 08:00:45,977 [Worker-16: Importing Maven projects] INFO  o.e.m.c.i.e.AbstractTransferListenerAdapter - Downloading https://repo.spring.io/milestone/org/springframework/spring-core/5.1.3.RELEASE/spring-core-5.1.3.RELEASE.jar
2018-12-05 08:00:47,201 [Worker-16: Importing Maven projects] INFO  o.e.m.c.i.e.AbstractTransferListenerAdapter - Downloaded https://repo.spring.io/milestone/org/springframework/spring-core/5.1.3.RELEASE/spring-core-5.1.3.RELEASE.jar
2018-12-05 08:00:47,776 [Worker-16: Importing Maven projects] INFO  o.e.m.c.i.e.AbstractTransferListenerAdapter - Downloading https://repo.spring.io/milestone/org/springframework/spring-jcl/5.1.3.RELEASE/spring-jcl-5.1.3.RELEASE.jar
2018-12-05 08:00:48,142 [Worker-16: Importing Maven projects] INFO  o.e.m.c.i.e.AbstractTransferListenerAdapter - Downloaded https://repo.spring.io/milestone/org/springframework/spring-jcl/5.1.3.RELEASE/spring-jcl-5.1.3.RELEASE.jar
2018-12-05 08:00:48,493 [Worker-16: Importing Maven projects] INFO  o.e.m.c.i.e.AbstractTransferListenerAdapter - Downloading https://repo.spring.io/milestone/org/springframework/spring-test/5.1.3.RELEASE/spring-test-5.1.3.RELEASE.jar
2018-12-05 08:00:49,288 [Worker-16: Importing Maven projects] INFO  o.e.m.c.i.e.AbstractTransferListenerAdapter - Downloaded https://repo.spring.io/milestone/org/springframework/spring-test/5.1.3.RELEASE/spring-test-5.1.3.RELEASE.jar
2018-12-05 08:00:50,068 [Worker-16: Importing Maven projects] INFO  o.e.m.c.i.e.AbstractTransferListenerAdapter - Downloading https://repo.maven.apache.org/maven2/io/micrometer/micrometer-core/1.1.1/micrometer-core-1.1.1.jar
2018-12-05 08:00:51,740 [Worker-16: Importing Maven projects] INFO  o.e.m.c.i.e.AbstractTransferListenerAdapter - Downloaded https://repo.maven.apache.org/maven2/io/micrometer/micrometer-core/1.1.1/micrometer-core-1.1.1.jar
2018-12-05 08:00:52,046 [Worker-16: Importing Maven projects] INFO  o.e.m.c.i.e.AbstractTransferListenerAdapter - Downloading https://repo.maven.apache.org/maven2/org/apache/tomcat/embed/tomcat-embed-core/9.0.13/tomcat-embed-core-9.0.13.jar
